<?xml version="1.0" encoding="UTF-8"?>
<Site BuildName="Linux-g++"
	BuildStamp="20230824-0750-Experimental"
	Name="hecs-143623"
	Generator="ctest-3.16.3"
	CompilerName="/usr/bin/g++"
	CompilerVersion="9.4.0"
	OSName="Linux"
	Hostname="hecs-143623"
	OSRelease="5.4.0-153-generic"
	OSVersion="#170-Ubuntu SMP Fri Jun 16 13:43:31 UTC 2023"
	OSPlatform="x86_64"
	Is64Bits="1"
	VendorString="GenuineIntel"
	VendorID="Intel Corporation"
	FamilyID="6"
	ModelID="85"
	ProcessorCacheSize="30976"
	NumberOfLogicalCPU="2"
	NumberOfPhysicalCPU="1"
	TotalVirtualMemory="0"
	TotalPhysicalMemory="3726"
	LogicalProcessorsPerPhysical="2"
	ProcessorClockFrequency="2200"
	>
	<Testing>
		<StartDateTime>Aug 24 23:32 CST</StartDateTime>
		<StartTestTime>1692891140</StartTestTime>
		<TestList/>
		<EndDateTime>Aug 24 23:32 CST</EndDateTime>
		<EndTestTime>1692891140</EndTestTime>
		<ElapsedMinutes>0</ElapsedMinutes>
	</Testing>
</Site>
